ARM GAS  /tmp/ccD0XlTs.s 			page 1


   1              		.cpu cortex-m4
   2              		.arch armv7e-m
   3              		.fpu fpv4-sp-d16
   4              		.eabi_attribute 27, 1
   5              		.eabi_attribute 28, 1
   6              		.eabi_attribute 20, 1
   7              		.eabi_attribute 21, 1
   8              		.eabi_attribute 23, 3
   9              		.eabi_attribute 24, 1
  10              		.eabi_attribute 25, 1
  11              		.eabi_attribute 26, 1
  12              		.eabi_attribute 30, 1
  13              		.eabi_attribute 34, 1
  14              		.eabi_attribute 18, 4
  15              		.file	"main.c"
  16              		.text
  17              	.Ltext0:
  18              		.cfi_sections	.debug_frame
  19              		.section	.text.SystemClock_Config,"ax",%progbits
  20              		.align	1
  21              		.global	SystemClock_Config
  22              		.syntax unified
  23              		.thumb
  24              		.thumb_func
  26              	SystemClock_Config:
  27              	.LFB135:
  28              		.file 1 "Src/main.c"
   1:Src/main.c    **** /* USER CODE BEGIN Header */
   2:Src/main.c    **** /**
   3:Src/main.c    ****   ******************************************************************************
   4:Src/main.c    ****   * @file           : main.c
   5:Src/main.c    ****   * @brief          : Main program body
   6:Src/main.c    ****   ******************************************************************************
   7:Src/main.c    ****   * @attention
   8:Src/main.c    ****   *
   9:Src/main.c    ****   * <h2><center>&copy; Copyright (c) 2023 STMicroelectronics.
  10:Src/main.c    ****   * All rights reserved.</center></h2>
  11:Src/main.c    ****   *
  12:Src/main.c    ****   * This software component is licensed by ST under Ultimate Liberty license
  13:Src/main.c    ****   * SLA0044, the "License"; You may not use this file except in compliance with
  14:Src/main.c    ****   * the License. You may obtain a copy of the License at:
  15:Src/main.c    ****   *                             www.st.com/SLA0044
  16:Src/main.c    ****   *
  17:Src/main.c    ****   ******************************************************************************
  18:Src/main.c    ****   */
  19:Src/main.c    **** /* USER CODE END Header */
  20:Src/main.c    **** 
  21:Src/main.c    **** /* Includes ------------------------------------------------------------------*/
  22:Src/main.c    **** #include "main.h"
  23:Src/main.c    **** #include "cmsis_os.h"
  24:Src/main.c    **** #include "dma.h"
  25:Src/main.c    **** #include "usart.h"
  26:Src/main.c    **** #include "gpio.h"
  27:Src/main.c    **** 
  28:Src/main.c    **** /* Private includes ----------------------------------------------------------*/
  29:Src/main.c    **** /* USER CODE BEGIN Includes */
  30:Src/main.c    **** 
ARM GAS  /tmp/ccD0XlTs.s 			page 2


  31:Src/main.c    **** /* USER CODE END Includes */
  32:Src/main.c    **** 
  33:Src/main.c    **** /* Private typedef -----------------------------------------------------------*/
  34:Src/main.c    **** /* USER CODE BEGIN PTD */
  35:Src/main.c    **** 
  36:Src/main.c    **** /* USER CODE END PTD */
  37:Src/main.c    **** 
  38:Src/main.c    **** /* Private define ------------------------------------------------------------*/
  39:Src/main.c    **** /* USER CODE BEGIN PD */
  40:Src/main.c    **** /* USER CODE END PD */
  41:Src/main.c    **** 
  42:Src/main.c    **** /* Private macro -------------------------------------------------------------*/
  43:Src/main.c    **** /* USER CODE BEGIN PM */
  44:Src/main.c    **** 
  45:Src/main.c    **** /* USER CODE END PM */
  46:Src/main.c    **** 
  47:Src/main.c    **** /* Private variables ---------------------------------------------------------*/
  48:Src/main.c    **** 
  49:Src/main.c    **** /* USER CODE BEGIN PV */
  50:Src/main.c    **** 
  51:Src/main.c    **** /* USER CODE END PV */
  52:Src/main.c    **** 
  53:Src/main.c    **** /* Private function prototypes -----------------------------------------------*/
  54:Src/main.c    **** void SystemClock_Config(void);
  55:Src/main.c    **** void MX_FREERTOS_Init(void);
  56:Src/main.c    **** /* USER CODE BEGIN PFP */
  57:Src/main.c    **** 
  58:Src/main.c    **** /* USER CODE END PFP */
  59:Src/main.c    **** 
  60:Src/main.c    **** /* Private user code ---------------------------------------------------------*/
  61:Src/main.c    **** /* USER CODE BEGIN 0 */
  62:Src/main.c    **** 
  63:Src/main.c    **** /* USER CODE END 0 */
  64:Src/main.c    **** 
  65:Src/main.c    **** /**
  66:Src/main.c    ****   * @brief  The application entry point.
  67:Src/main.c    ****   * @retval int
  68:Src/main.c    ****   */
  69:Src/main.c    **** int main(void)
  70:Src/main.c    **** {
  71:Src/main.c    ****   /* USER CODE BEGIN 1 */
  72:Src/main.c    **** 
  73:Src/main.c    ****   /* USER CODE END 1 */
  74:Src/main.c    **** 
  75:Src/main.c    ****   /* MCU Configuration--------------------------------------------------------*/
  76:Src/main.c    **** 
  77:Src/main.c    ****   /* Reset of all peripherals, Initializes the Flash interface and the Systick. */
  78:Src/main.c    ****   HAL_Init();
  79:Src/main.c    **** 
  80:Src/main.c    ****   /* USER CODE BEGIN Init */
  81:Src/main.c    **** 
  82:Src/main.c    ****   /* USER CODE END Init */
  83:Src/main.c    **** 
  84:Src/main.c    ****   /* Configure the system clock */
  85:Src/main.c    ****   SystemClock_Config();
  86:Src/main.c    **** 
  87:Src/main.c    ****   /* USER CODE BEGIN SysInit */
ARM GAS  /tmp/ccD0XlTs.s 			page 3


  88:Src/main.c    **** 
  89:Src/main.c    ****   /* USER CODE END SysInit */
  90:Src/main.c    **** 
  91:Src/main.c    ****   /* Initialize all configured peripherals */
  92:Src/main.c    ****   MX_GPIO_Init();
  93:Src/main.c    ****   MX_DMA_Init();
  94:Src/main.c    ****   MX_USART3_UART_Init();
  95:Src/main.c    ****   /* USER CODE BEGIN 2 */
  96:Src/main.c    **** 
  97:Src/main.c    ****   /* USER CODE END 2 */
  98:Src/main.c    **** 
  99:Src/main.c    ****   /* Init scheduler */
 100:Src/main.c    ****   osKernelInitialize();  /* Call init function for freertos objects (in freertos.c) */
 101:Src/main.c    ****   MX_FREERTOS_Init(); 
 102:Src/main.c    ****   /* Start scheduler */
 103:Src/main.c    ****   osKernelStart();
 104:Src/main.c    ****  
 105:Src/main.c    ****   /* We should never get here as control is now taken by the scheduler */
 106:Src/main.c    ****   /* Infinite loop */
 107:Src/main.c    ****   /* USER CODE BEGIN WHILE */
 108:Src/main.c    ****   while (1)
 109:Src/main.c    ****   {
 110:Src/main.c    ****     /* USER CODE END WHILE */
 111:Src/main.c    **** 
 112:Src/main.c    ****     /* USER CODE BEGIN 3 */
 113:Src/main.c    ****   }
 114:Src/main.c    ****   /* USER CODE END 3 */
 115:Src/main.c    **** }
 116:Src/main.c    **** 
 117:Src/main.c    **** /**
 118:Src/main.c    ****   * @brief System Clock Configuration
 119:Src/main.c    ****   * @retval None
 120:Src/main.c    ****   */
 121:Src/main.c    **** void SystemClock_Config(void)
 122:Src/main.c    **** {
  29              		.loc 1 122 1 view -0
  30              		.cfi_startproc
  31              		@ args = 0, pretend = 0, frame = 80
  32              		@ frame_needed = 0, uses_anonymous_args = 0
  33 0000 30B5     		push	{r4, r5, lr}
  34              	.LCFI0:
  35              		.cfi_def_cfa_offset 12
  36              		.cfi_offset 4, -12
  37              		.cfi_offset 5, -8
  38              		.cfi_offset 14, -4
  39 0002 95B0     		sub	sp, sp, #84
  40              	.LCFI1:
  41              		.cfi_def_cfa_offset 96
 123:Src/main.c    ****   RCC_OscInitTypeDef RCC_OscInitStruct = {0};
  42              		.loc 1 123 3 view .LVU1
  43              		.loc 1 123 22 is_stmt 0 view .LVU2
  44 0004 3422     		movs	r2, #52
  45 0006 0021     		movs	r1, #0
  46 0008 07A8     		add	r0, sp, #28
  47 000a FFF7FEFF 		bl	memset
  48              	.LVL0:
 124:Src/main.c    ****   RCC_ClkInitTypeDef RCC_ClkInitStruct = {0};
ARM GAS  /tmp/ccD0XlTs.s 			page 4


  49              		.loc 1 124 3 is_stmt 1 view .LVU3
  50              		.loc 1 124 22 is_stmt 0 view .LVU4
  51 000e 0024     		movs	r4, #0
  52 0010 0294     		str	r4, [sp, #8]
  53 0012 0394     		str	r4, [sp, #12]
  54 0014 0494     		str	r4, [sp, #16]
  55 0016 0594     		str	r4, [sp, #20]
  56 0018 0694     		str	r4, [sp, #24]
 125:Src/main.c    **** 
 126:Src/main.c    ****   /** Configure the main internal regulator output voltage 
 127:Src/main.c    ****   */
 128:Src/main.c    ****   __HAL_RCC_PWR_CLK_ENABLE();
  57              		.loc 1 128 3 is_stmt 1 view .LVU5
  58              	.LBB2:
  59              		.loc 1 128 3 view .LVU6
  60 001a 0094     		str	r4, [sp]
  61              		.loc 1 128 3 view .LVU7
  62 001c 1D4B     		ldr	r3, .L3
  63 001e 1A6C     		ldr	r2, [r3, #64]
  64 0020 42F08052 		orr	r2, r2, #268435456
  65 0024 1A64     		str	r2, [r3, #64]
  66              		.loc 1 128 3 view .LVU8
  67 0026 1B6C     		ldr	r3, [r3, #64]
  68 0028 03F08053 		and	r3, r3, #268435456
  69 002c 0093     		str	r3, [sp]
  70              		.loc 1 128 3 view .LVU9
  71 002e 009B     		ldr	r3, [sp]
  72              	.LBE2:
  73              		.loc 1 128 3 view .LVU10
 129:Src/main.c    ****   __HAL_PWR_VOLTAGESCALING_CONFIG(PWR_REGULATOR_VOLTAGE_SCALE1);
  74              		.loc 1 129 3 view .LVU11
  75              	.LBB3:
  76              		.loc 1 129 3 view .LVU12
  77 0030 0194     		str	r4, [sp, #4]
  78              		.loc 1 129 3 view .LVU13
  79 0032 194B     		ldr	r3, .L3+4
  80 0034 1A68     		ldr	r2, [r3]
  81 0036 42F44042 		orr	r2, r2, #49152
  82 003a 1A60     		str	r2, [r3]
  83              		.loc 1 129 3 view .LVU14
  84 003c 1B68     		ldr	r3, [r3]
  85 003e 03F44043 		and	r3, r3, #49152
  86 0042 0193     		str	r3, [sp, #4]
  87              		.loc 1 129 3 view .LVU15
  88 0044 019B     		ldr	r3, [sp, #4]
  89              	.LBE3:
  90              		.loc 1 129 3 view .LVU16
 130:Src/main.c    ****   /** Initializes the CPU, AHB and APB busses clocks 
 131:Src/main.c    ****   */
 132:Src/main.c    ****   RCC_OscInitStruct.OscillatorType = RCC_OSCILLATORTYPE_HSE;
  91              		.loc 1 132 3 view .LVU17
  92              		.loc 1 132 36 is_stmt 0 view .LVU18
  93 0046 0123     		movs	r3, #1
  94 0048 0793     		str	r3, [sp, #28]
 133:Src/main.c    ****   RCC_OscInitStruct.HSEState = RCC_HSE_ON;
  95              		.loc 1 133 3 is_stmt 1 view .LVU19
  96              		.loc 1 133 30 is_stmt 0 view .LVU20
ARM GAS  /tmp/ccD0XlTs.s 			page 5


  97 004a 4FF48033 		mov	r3, #65536
  98 004e 0893     		str	r3, [sp, #32]
 134:Src/main.c    ****   RCC_OscInitStruct.PLL.PLLState = RCC_PLL_ON;
  99              		.loc 1 134 3 is_stmt 1 view .LVU21
 100              		.loc 1 134 34 is_stmt 0 view .LVU22
 101 0050 0225     		movs	r5, #2
 102 0052 0D95     		str	r5, [sp, #52]
 135:Src/main.c    ****   RCC_OscInitStruct.PLL.PLLSource = RCC_PLLSOURCE_HSE;
 103              		.loc 1 135 3 is_stmt 1 view .LVU23
 104              		.loc 1 135 35 is_stmt 0 view .LVU24
 105 0054 4FF48003 		mov	r3, #4194304
 106 0058 0E93     		str	r3, [sp, #56]
 136:Src/main.c    ****   RCC_OscInitStruct.PLL.PLLM = 8;
 107              		.loc 1 136 3 is_stmt 1 view .LVU25
 108              		.loc 1 136 30 is_stmt 0 view .LVU26
 109 005a 0823     		movs	r3, #8
 110 005c 0F93     		str	r3, [sp, #60]
 137:Src/main.c    ****   RCC_OscInitStruct.PLL.PLLN = 360;
 111              		.loc 1 137 3 is_stmt 1 view .LVU27
 112              		.loc 1 137 30 is_stmt 0 view .LVU28
 113 005e 4FF4B473 		mov	r3, #360
 114 0062 1093     		str	r3, [sp, #64]
 138:Src/main.c    ****   RCC_OscInitStruct.PLL.PLLP = RCC_PLLP_DIV2;
 115              		.loc 1 138 3 is_stmt 1 view .LVU29
 116              		.loc 1 138 30 is_stmt 0 view .LVU30
 117 0064 1195     		str	r5, [sp, #68]
 139:Src/main.c    ****   RCC_OscInitStruct.PLL.PLLQ = 2;
 118              		.loc 1 139 3 is_stmt 1 view .LVU31
 119              		.loc 1 139 30 is_stmt 0 view .LVU32
 120 0066 1295     		str	r5, [sp, #72]
 140:Src/main.c    ****   RCC_OscInitStruct.PLL.PLLR = 2;
 121              		.loc 1 140 3 is_stmt 1 view .LVU33
 122              		.loc 1 140 30 is_stmt 0 view .LVU34
 123 0068 1395     		str	r5, [sp, #76]
 141:Src/main.c    ****   if (HAL_RCC_OscConfig(&RCC_OscInitStruct) != HAL_OK)
 124              		.loc 1 141 3 is_stmt 1 view .LVU35
 125              		.loc 1 141 7 is_stmt 0 view .LVU36
 126 006a 07A8     		add	r0, sp, #28
 127 006c FFF7FEFF 		bl	HAL_RCC_OscConfig
 128              	.LVL1:
 142:Src/main.c    ****   {
 143:Src/main.c    ****     Error_Handler();
 144:Src/main.c    ****   }
 145:Src/main.c    ****   /** Activate the Over-Drive mode 
 146:Src/main.c    ****   */
 147:Src/main.c    ****   if (HAL_PWREx_EnableOverDrive() != HAL_OK)
 129              		.loc 1 147 3 is_stmt 1 view .LVU37
 130              		.loc 1 147 7 is_stmt 0 view .LVU38
 131 0070 FFF7FEFF 		bl	HAL_PWREx_EnableOverDrive
 132              	.LVL2:
 148:Src/main.c    ****   {
 149:Src/main.c    ****     Error_Handler();
 150:Src/main.c    ****   }
 151:Src/main.c    ****   /** Initializes the CPU, AHB and APB busses clocks 
 152:Src/main.c    ****   */
 153:Src/main.c    ****   RCC_ClkInitStruct.ClockType = RCC_CLOCKTYPE_HCLK|RCC_CLOCKTYPE_SYSCLK
 133              		.loc 1 153 3 is_stmt 1 view .LVU39
ARM GAS  /tmp/ccD0XlTs.s 			page 6


 134              		.loc 1 153 31 is_stmt 0 view .LVU40
 135 0074 0F23     		movs	r3, #15
 136 0076 0293     		str	r3, [sp, #8]
 154:Src/main.c    ****                               |RCC_CLOCKTYPE_PCLK1|RCC_CLOCKTYPE_PCLK2;
 155:Src/main.c    ****   RCC_ClkInitStruct.SYSCLKSource = RCC_SYSCLKSOURCE_PLLCLK;
 137              		.loc 1 155 3 is_stmt 1 view .LVU41
 138              		.loc 1 155 34 is_stmt 0 view .LVU42
 139 0078 0395     		str	r5, [sp, #12]
 156:Src/main.c    ****   RCC_ClkInitStruct.AHBCLKDivider = RCC_SYSCLK_DIV1;
 140              		.loc 1 156 3 is_stmt 1 view .LVU43
 141              		.loc 1 156 35 is_stmt 0 view .LVU44
 142 007a 0494     		str	r4, [sp, #16]
 157:Src/main.c    ****   RCC_ClkInitStruct.APB1CLKDivider = RCC_HCLK_DIV4;
 143              		.loc 1 157 3 is_stmt 1 view .LVU45
 144              		.loc 1 157 36 is_stmt 0 view .LVU46
 145 007c 4FF4A053 		mov	r3, #5120
 146 0080 0593     		str	r3, [sp, #20]
 158:Src/main.c    ****   RCC_ClkInitStruct.APB2CLKDivider = RCC_HCLK_DIV2;
 147              		.loc 1 158 3 is_stmt 1 view .LVU47
 148              		.loc 1 158 36 is_stmt 0 view .LVU48
 149 0082 4FF48053 		mov	r3, #4096
 150 0086 0693     		str	r3, [sp, #24]
 159:Src/main.c    **** 
 160:Src/main.c    ****   if (HAL_RCC_ClockConfig(&RCC_ClkInitStruct, FLASH_LATENCY_5) != HAL_OK)
 151              		.loc 1 160 3 is_stmt 1 view .LVU49
 152              		.loc 1 160 7 is_stmt 0 view .LVU50
 153 0088 0521     		movs	r1, #5
 154 008a 02A8     		add	r0, sp, #8
 155 008c FFF7FEFF 		bl	HAL_RCC_ClockConfig
 156              	.LVL3:
 161:Src/main.c    ****   {
 162:Src/main.c    ****     Error_Handler();
 163:Src/main.c    ****   }
 164:Src/main.c    **** }
 157              		.loc 1 164 1 view .LVU51
 158 0090 15B0     		add	sp, sp, #84
 159              	.LCFI2:
 160              		.cfi_def_cfa_offset 12
 161              		@ sp needed
 162 0092 30BD     		pop	{r4, r5, pc}
 163              	.L4:
 164              		.align	2
 165              	.L3:
 166 0094 00380240 		.word	1073887232
 167 0098 00700040 		.word	1073770496
 168              		.cfi_endproc
 169              	.LFE135:
 171              		.section	.text.main,"ax",%progbits
 172              		.align	1
 173              		.global	main
 174              		.syntax unified
 175              		.thumb
 176              		.thumb_func
 178              	main:
 179              	.LFB134:
  70:Src/main.c    ****   /* USER CODE BEGIN 1 */
 180              		.loc 1 70 1 is_stmt 1 view -0
ARM GAS  /tmp/ccD0XlTs.s 			page 7


 181              		.cfi_startproc
 182              		@ Volatile: function does not return.
 183              		@ args = 0, pretend = 0, frame = 0
 184              		@ frame_needed = 0, uses_anonymous_args = 0
 185 0000 08B5     		push	{r3, lr}
 186              	.LCFI3:
 187              		.cfi_def_cfa_offset 8
 188              		.cfi_offset 3, -8
 189              		.cfi_offset 14, -4
  78:Src/main.c    **** 
 190              		.loc 1 78 3 view .LVU53
 191 0002 FFF7FEFF 		bl	HAL_Init
 192              	.LVL4:
  85:Src/main.c    **** 
 193              		.loc 1 85 3 view .LVU54
 194 0006 FFF7FEFF 		bl	SystemClock_Config
 195              	.LVL5:
  92:Src/main.c    ****   MX_DMA_Init();
 196              		.loc 1 92 3 view .LVU55
 197 000a FFF7FEFF 		bl	MX_GPIO_Init
 198              	.LVL6:
  93:Src/main.c    ****   MX_USART3_UART_Init();
 199              		.loc 1 93 3 view .LVU56
 200 000e FFF7FEFF 		bl	MX_DMA_Init
 201              	.LVL7:
  94:Src/main.c    ****   /* USER CODE BEGIN 2 */
 202              		.loc 1 94 3 view .LVU57
 203 0012 FFF7FEFF 		bl	MX_USART3_UART_Init
 204              	.LVL8:
 100:Src/main.c    ****   MX_FREERTOS_Init(); 
 205              		.loc 1 100 3 view .LVU58
 206 0016 FFF7FEFF 		bl	osKernelInitialize
 207              	.LVL9:
 101:Src/main.c    ****   /* Start scheduler */
 208              		.loc 1 101 3 view .LVU59
 209 001a FFF7FEFF 		bl	MX_FREERTOS_Init
 210              	.LVL10:
 103:Src/main.c    ****  
 211              		.loc 1 103 3 view .LVU60
 212 001e FFF7FEFF 		bl	osKernelStart
 213              	.LVL11:
 214              	.L6:
 108:Src/main.c    ****   {
 215              		.loc 1 108 3 discriminator 1 view .LVU61
 113:Src/main.c    ****   /* USER CODE END 3 */
 216              		.loc 1 113 3 discriminator 1 view .LVU62
 108:Src/main.c    ****   {
 217              		.loc 1 108 9 discriminator 1 view .LVU63
 218 0022 FEE7     		b	.L6
 219              		.cfi_endproc
 220              	.LFE134:
 222              		.section	.text.HAL_TIM_PeriodElapsedCallback,"ax",%progbits
 223              		.align	1
 224              		.global	HAL_TIM_PeriodElapsedCallback
 225              		.syntax unified
 226              		.thumb
 227              		.thumb_func
ARM GAS  /tmp/ccD0XlTs.s 			page 8


 229              	HAL_TIM_PeriodElapsedCallback:
 230              	.LVL12:
 231              	.LFB136:
 165:Src/main.c    **** 
 166:Src/main.c    **** /* USER CODE BEGIN 4 */
 167:Src/main.c    **** 
 168:Src/main.c    **** /* USER CODE END 4 */
 169:Src/main.c    **** 
 170:Src/main.c    ****  /**
 171:Src/main.c    ****   * @brief  Period elapsed callback in non blocking mode
 172:Src/main.c    ****   * @note   This function is called  when TIM1 interrupt took place, inside
 173:Src/main.c    ****   * HAL_TIM_IRQHandler(). It makes a direct call to HAL_IncTick() to increment
 174:Src/main.c    ****   * a global variable "uwTick" used as application time base.
 175:Src/main.c    ****   * @param  htim : TIM handle
 176:Src/main.c    ****   * @retval None
 177:Src/main.c    ****   */
 178:Src/main.c    **** void HAL_TIM_PeriodElapsedCallback(TIM_HandleTypeDef *htim)
 179:Src/main.c    **** {
 232              		.loc 1 179 1 view -0
 233              		.cfi_startproc
 234              		@ args = 0, pretend = 0, frame = 0
 235              		@ frame_needed = 0, uses_anonymous_args = 0
 236              		.loc 1 179 1 is_stmt 0 view .LVU65
 237 0000 08B5     		push	{r3, lr}
 238              	.LCFI4:
 239              		.cfi_def_cfa_offset 8
 240              		.cfi_offset 3, -8
 241              		.cfi_offset 14, -4
 180:Src/main.c    ****   /* USER CODE BEGIN Callback 0 */
 181:Src/main.c    **** 
 182:Src/main.c    ****   /* USER CODE END Callback 0 */
 183:Src/main.c    ****   if (htim->Instance == TIM1) {
 242              		.loc 1 183 3 is_stmt 1 view .LVU66
 243              		.loc 1 183 11 is_stmt 0 view .LVU67
 244 0002 0268     		ldr	r2, [r0]
 245              		.loc 1 183 6 view .LVU68
 246 0004 034B     		ldr	r3, .L12
 247 0006 9A42     		cmp	r2, r3
 248 0008 00D0     		beq	.L11
 249              	.LVL13:
 250              	.L8:
 184:Src/main.c    ****     HAL_IncTick();
 185:Src/main.c    ****   }
 186:Src/main.c    ****   /* USER CODE BEGIN Callback 1 */
 187:Src/main.c    **** 
 188:Src/main.c    ****   /* USER CODE END Callback 1 */
 189:Src/main.c    **** }
 251              		.loc 1 189 1 view .LVU69
 252 000a 08BD     		pop	{r3, pc}
 253              	.LVL14:
 254              	.L11:
 184:Src/main.c    ****     HAL_IncTick();
 255              		.loc 1 184 5 is_stmt 1 view .LVU70
 256 000c FFF7FEFF 		bl	HAL_IncTick
 257              	.LVL15:
 258              		.loc 1 189 1 is_stmt 0 view .LVU71
 259 0010 FBE7     		b	.L8
ARM GAS  /tmp/ccD0XlTs.s 			page 9


 260              	.L13:
 261 0012 00BF     		.align	2
 262              	.L12:
 263 0014 00000140 		.word	1073807360
 264              		.cfi_endproc
 265              	.LFE136:
 267              		.section	.text.Error_Handler,"ax",%progbits
 268              		.align	1
 269              		.global	Error_Handler
 270              		.syntax unified
 271              		.thumb
 272              		.thumb_func
 274              	Error_Handler:
 275              	.LFB137:
 190:Src/main.c    **** 
 191:Src/main.c    **** /**
 192:Src/main.c    ****   * @brief  This function is executed in case of error occurrence.
 193:Src/main.c    ****   * @retval None
 194:Src/main.c    ****   */
 195:Src/main.c    **** void Error_Handler(void)
 196:Src/main.c    **** {
 276              		.loc 1 196 1 is_stmt 1 view -0
 277              		.cfi_startproc
 278              		@ args = 0, pretend = 0, frame = 0
 279              		@ frame_needed = 0, uses_anonymous_args = 0
 280              		@ link register save eliminated.
 197:Src/main.c    ****   /* USER CODE BEGIN Error_Handler_Debug */
 198:Src/main.c    ****   /* User can add his own implementation to report the HAL error return state */
 199:Src/main.c    **** 
 200:Src/main.c    ****   /* USER CODE END Error_Handler_Debug */
 201:Src/main.c    **** }
 281              		.loc 1 201 1 view .LVU73
 282 0000 7047     		bx	lr
 283              		.cfi_endproc
 284              	.LFE137:
 286              		.text
 287              	.Letext0:
 288              		.file 2 "/home/kaan/STM32ToolChain/gcc-arm/arm-none-eabi/include/machine/_default_types.h"
 289              		.file 3 "/home/kaan/STM32ToolChain/gcc-arm/arm-none-eabi/include/sys/_stdint.h"
 290              		.file 4 "Drivers/CMSIS/Device/ST/STM32F4xx/Include/stm32f446xx.h"
 291              		.file 5 "Drivers/STM32F4xx_HAL_Driver/Inc/stm32f4xx_hal_def.h"
 292              		.file 6 "Drivers/STM32F4xx_HAL_Driver/Inc/stm32f4xx_hal_rcc_ex.h"
 293              		.file 7 "Drivers/STM32F4xx_HAL_Driver/Inc/stm32f4xx_hal_rcc.h"
 294              		.file 8 "Drivers/STM32F4xx_HAL_Driver/Inc/stm32f4xx_hal_dma.h"
 295              		.file 9 "Drivers/STM32F4xx_HAL_Driver/Inc/stm32f4xx_hal_tim.h"
 296              		.file 10 "Drivers/STM32F4xx_HAL_Driver/Inc/stm32f4xx_hal.h"
 297              		.file 11 "Drivers/STM32F4xx_HAL_Driver/Inc/stm32f4xx_hal_pwr_ex.h"
 298              		.file 12 "Inc/gpio.h"
 299              		.file 13 "Inc/dma.h"
 300              		.file 14 "Inc/usart.h"
 301              		.file 15 "Middlewares/Third_Party/FreeRTOS/Source/CMSIS_RTOS_V2/cmsis_os2.h"
 302              		.file 16 "<built-in>"
ARM GAS  /tmp/ccD0XlTs.s 			page 10


DEFINED SYMBOLS
                            *ABS*:0000000000000000 main.c
     /tmp/ccD0XlTs.s:20     .text.SystemClock_Config:0000000000000000 $t
     /tmp/ccD0XlTs.s:26     .text.SystemClock_Config:0000000000000000 SystemClock_Config
     /tmp/ccD0XlTs.s:166    .text.SystemClock_Config:0000000000000094 $d
     /tmp/ccD0XlTs.s:172    .text.main:0000000000000000 $t
     /tmp/ccD0XlTs.s:178    .text.main:0000000000000000 main
     /tmp/ccD0XlTs.s:223    .text.HAL_TIM_PeriodElapsedCallback:0000000000000000 $t
     /tmp/ccD0XlTs.s:229    .text.HAL_TIM_PeriodElapsedCallback:0000000000000000 HAL_TIM_PeriodElapsedCallback
     /tmp/ccD0XlTs.s:263    .text.HAL_TIM_PeriodElapsedCallback:0000000000000014 $d
     /tmp/ccD0XlTs.s:268    .text.Error_Handler:0000000000000000 $t
     /tmp/ccD0XlTs.s:274    .text.Error_Handler:0000000000000000 Error_Handler

UNDEFINED SYMBOLS
memset
HAL_RCC_OscConfig
HAL_PWREx_EnableOverDrive
HAL_RCC_ClockConfig
HAL_Init
MX_GPIO_Init
MX_DMA_Init
MX_USART3_UART_Init
osKernelInitialize
MX_FREERTOS_Init
osKernelStart
HAL_IncTick
